running egg_info
creating ../build/color_detector/color_detector.egg-info
writing ../build/color_detector/color_detector.egg-info/PKG-INFO
writing dependency_links to ../build/color_detector/color_detector.egg-info/dependency_links.txt
writing entry points to ../build/color_detector/color_detector.egg-info/entry_points.txt
writing requirements to ../build/color_detector/color_detector.egg-info/requires.txt
writing top-level names to ../build/color_detector/color_detector.egg-info/top_level.txt
writing manifest file '../build/color_detector/color_detector.egg-info/SOURCES.txt'
reading manifest file '../build/color_detector/color_detector.egg-info/SOURCES.txt'
writing manifest file '../build/color_detector/color_detector.egg-info/SOURCES.txt'
running build
running build_py
creating /home/yogoe/work_ws/src/build/color_detector/build
creating /home/yogoe/work_ws/src/build/color_detector/build/lib
creating /home/yogoe/work_ws/src/build/color_detector/build/lib/color_detector
copying color_detector/__init__.py -> /home/yogoe/work_ws/src/build/color_detector/build/lib/color_detector
running install
/usr/lib/python3/dist-packages/setuptools/command/install.py:34: SetuptoolsDeprecationWarning: setup.py install is deprecated. Use build and pip and other standards-based tools.
  warnings.warn(
running install_lib
creating /home/yogoe/work_ws/src/install/color_detector/lib/python3.10/site-packages/color_detector
copying /home/yogoe/work_ws/src/build/color_detector/build/lib/color_detector/__init__.py -> /home/yogoe/work_ws/src/install/color_detector/lib/python3.10/site-packages/color_detector
byte-compiling /home/yogoe/work_ws/src/install/color_detector/lib/python3.10/site-packages/color_detector/__init__.py to __init__.cpython-310.pyc
running install_data
creating /home/yogoe/work_ws/src/install/color_detector/share/ament_index
creating /home/yogoe/work_ws/src/install/color_detector/share/ament_index/resource_index
creating /home/yogoe/work_ws/src/install/color_detector/share/ament_index/resource_index/packages
copying resource/color_detector -> /home/yogoe/work_ws/src/install/color_detector/share/ament_index/resource_index/packages
copying package.xml -> /home/yogoe/work_ws/src/install/color_detector/share/color_detector
running install_egg_info
Copying ../build/color_detector/color_detector.egg-info to /home/yogoe/work_ws/src/install/color_detector/lib/python3.10/site-packages/color_detector-0.0.0-py3.10.egg-info
running install_scripts
writing list of installed files to '/home/yogoe/work_ws/src/build/color_detector/install.log'
